IDL Version 8.5.1 (linux x86_64 m64). (c) 2015, Exelis Visual Information Solutions, Inc., a subsidiary of Harris Corporation.
Installation number: 97451-10.
Licensed for use by: University of California - Santa Cruz (MAIN)

% Compiled module: WRAPPER.
Running mainproc
% MAINPROC: Creating Lobs...
% Compiled module: READCOL.
% Compiled module: REMCHAR.
% Compiled module: GETTOK.
% Compiled module: STRNUMBER.
      4.00000      5.80000    0.0100000
% Compiled module: INTERPOL.
% MAINPROC: Creating Lmod...
% MAINPROC: Doing synth tests...
% CREATE_SYNTH_OBS: Model params { 4.45, 5.28,-1.67}
% Compiled module: RANDOMP.
% Compiled module: STRN.
% MAINPROC: filename = LPMOD_SYNTH_N31_LL4.45_LH5.28_G-1.675
% MAINPROC: Creating LPMOD_SYNTH_N31_LL4.45_LH5.28_G-1.675
% CREATE_MODELGRID: Array elements: 20010
      4.00000      4.02069      4.04138      4.06207      4.08276      4.10345
      4.12414      4.14483      4.16552      4.18621      4.20690      4.22759
      4.24828      4.26897      4.28966      4.31034      4.33103      4.35172
      4.37241      4.39310      4.41379      4.43448      4.45517      4.47586
      4.49655      4.51724      4.53793      4.55862      4.57931      4.60000
      5.00000      5.02500      5.05000      5.07500      5.10000      5.12500
      5.15000      5.17500      5.20000      5.22500      5.25000      5.27500
      5.30000      5.32500      5.35000      5.37500      5.40000      5.42500
      5.45000      5.47500      5.50000      5.52500      5.55000      5.57500
      5.60000      5.62500      5.65000      5.67500      5.70000
     0.500000     0.377273     0.254545     0.131818   0.00909090    -0.113636
    -0.236364    -0.359091    -0.481818    -0.604545    -0.727273    -0.850000
    -0.972727     -1.09545     -1.21818     -1.34091     -1.46364     -1.58636
     -1.70909     -1.83182     -1.95455     -2.07727     -2.20000
% CREATE_MODELGRID: Time now: Tue Jul 19 13:31:40 2022
% CREATE_MODELGRID: Time remaining/min: 395.07507
10%... 20%... 30%... 40%... 50%... 60%... 70%... 80%... 90%...  
      4.22759      5.10000    -0.236364       197.58615
% Compiled module: ARRAY_INDICES.
      4.24828      5.10000    -0.236364       196.53382
      4.26897      5.10000    -0.236364       195.89585
      4.26897      5.12500    -0.359091       195.59406
      4.28966      5.10000    -0.236364       195.55047
      4.28966      5.10000    -0.359091       195.28745
      4.28966      5.12500    -0.359091       195.17260
      4.28966      5.12500    -0.481818       194.42659
      4.31034      5.12500    -0.481818       193.55620
      4.33103      5.12500    -0.481818       193.18889
      4.33103      5.12500    -0.604545       192.99257
      4.33103      5.15000    -0.604545       192.65486
      4.35172      5.12500    -0.604545       192.23451
      4.35172      5.15000    -0.727273       191.68164
      4.37241      5.15000    -0.727273       191.57146
      4.37241      5.15000    -0.850000       191.15210
      4.39310      5.15000    -0.850000       190.69943
      4.39310      5.17500    -0.972727       190.31516
      4.41379      5.17500     -1.09545       189.98952
      4.41379      5.20000     -1.21818       189.90064
      4.43448      5.20000     -1.21818       189.68345
 
$\log(L_{\rm lo}/L_\odot)$ & = & $ 4.43^{+0.09}_{-0.10}$ \\
$\log(L_{\rm hi}/L_\odot)$ & = & $ 5.21^{+0.14}_{-0.09}$ \\
          $\Gamma_{\rm L}$ & = & $-1.22^{+0.74}_{-0.74}$ \\
 
   Geneva-nr &  8.2$^{+0.9}_{-0.9}$ & 20.8$^{+3.7}_{-2.1}$ \\
    Geneva-r &  6.8$^{+0.8}_{-0.8}$ & 18.2$^{+3.4}_{-1.9}$ \\
      KEPLER &  8.1$^{+0.9}_{-0.9}$ & 20.6$^{+3.6}_{-2.1}$ \\
       STARS &  7.4$^{+0.8}_{-0.8}$ & 18.2$^{+3.0}_{-1.8}$ \\
        MIST &  7.4$^{+0.8}_{-0.9}$ & 19.8$^{+3.7}_{-2.1}$ \\
% Program caused arithmetic error: Floating divide by 0
